
> taskbox@0.2.0 build-storybook
> ng run taskbox:build-storybook --output-dir /var/folders/mp/66prmm7x4h73k6nwkn8nysgm0000gp/T/chromatic--30309-8XYwQNjiqwLo

[0m
[0m [0m [0m [0m [0m [0m [0m [0m [0m [0m [0m [0m [0m [0m [0m [0m [0m [0m [0m [0m [0m [0m [0m [0m [0m [0m [0m [0m [0m [0m [0m [0m [0m [0m [0m [0m [0m [0m [0m [0m [0m [0m [0m [0m [0m [0m [0m [0m [0m [0m [0m [0m [0m [0m [0m [0m [0m [0m [0m [48;5;255m [48;5;255m [0m [0m [0m [0m [0m [0m [0m [0m [0m [0m [0m [0m
[0m [0m [0m [0m [0m [0m [0m [0m [0m [0m [0m [0m [0m [0m [0m [0m [0m [0m [0m [0m [0m [0m [0m [0m [0m [0m [0m [0m [0m [0m [0m [0m [0m [0m [0m [0m [0m [0m [0m [0m [0m [0m [0m [0m [0m [0m [0m [0m [0m [0m [0m [0m [0m [0m [0m [0m [0m [0m [0m [48;5;255m [48;5;255m [0m [0m [0m [0m [0m [0m [0m [0m [0m [0m [0m [0m
[0m [0m [0m [0m [0m [0m [0m [0m [0m [0m [0m [0m [0m [0m [0m [0m [0m [0m [0m [0m [0m [0m [0m [0m [0m [0m [0m [0m [0m [0m [0m [0m [0m [0m [0m [0m [0m [0m [0m [0m [0m [0m [0m [0m [0m [0m [0m [0m [0m [0m [0m [0m [0m [0m [0m [0m [0m [0m [0m [48;5;255m [48;5;255m [0m [0m [0m [0m [0m [0m [0m [0m [0m [0m [0m [0m
[48;5;255m [48;5;255m [48;5;255m [48;5;255m [48;5;255m [48;5;255m [48;5;255m [0m [0m [48;5;255m [48;5;255m [48;5;255m [48;5;255m [48;5;255m [48;5;255m [48;5;255m [48;5;255m [0m [0m [48;5;255m [48;5;255m [48;5;255m [48;5;255m [48;5;255m [48;5;255m [48;5;255m [48;5;255m [48;5;255m [48;5;255m [48;5;255m [48;5;255m [0m [0m [48;5;255m [48;5;255m [48;5;255m [48;5;255m [48;5;255m [48;5;255m [48;5;255m [48;5;255m [0m [0m [48;5;255m [48;5;255m [48;5;255m [48;5;255m [48;5;255m [48;5;255m [48;5;255m [48;5;255m [0m [0m [48;5;255m [48;5;255m [48;5;255m [48;5;255m [48;5;255m [48;5;255m [48;5;255m [48;5;255m [0m [0m [48;5;255m [48;5;255m [48;5;255m [48;5;255m [48;5;255m [48;5;255m [48;5;255m [48;5;255m [0m [0m [48;5;255m [48;5;255m [48;5;255m [48;5;255m [48;5;255m [48;5;255m [48;5;255m [48;5;255m [0m
[48;5;255m [48;5;255m [0m [0m [0m [0m [0m [0m [0m [48;5;255m [48;5;255m [0m [0m [0m [0m [48;5;255m [48;5;255m [0m [0m [48;5;255m [48;5;255m [0m [0m [0m [48;5;255m [48;5;255m [0m [0m [0m [48;5;255m [48;5;255m [0m [0m [48;5;255m [48;5;255m [0m [0m [0m [0m [48;5;255m [48;5;255m [0m [0m [48;5;255m [48;5;255m [0m [0m [0m [0m [48;5;255m [48;5;255m [0m [0m [48;5;255m [48;5;255m [0m [0m [0m [0m [48;5;255m [48;5;255m [0m [0m [48;5;255m [48;5;255m [0m [0m [0m [0m [48;5;255m [48;5;255m [0m [0m [48;5;255m [48;5;255m [0m
[48;5;255m [48;5;255m [0m [0m [0m [0m [0m [0m [0m [48;5;255m [48;5;255m [0m [0m [0m [0m [48;5;255m [48;5;255m [0m [0m [48;5;255m [48;5;255m [0m [0m [0m [48;5;255m [48;5;255m [0m [0m [0m [48;5;255m [48;5;255m [0m [0m [48;5;255m [48;5;255m [0m [0m [0m [0m [48;5;255m [48;5;255m [0m [0m [48;5;255m [48;5;255m [0m [0m [0m [0m [48;5;255m [48;5;255m [0m [0m [48;5;255m [48;5;255m [0m [0m [0m [0m [48;5;255m [48;5;255m [0m [0m [48;5;255m [48;5;255m [0m [0m [0m [0m [48;5;255m [48;5;255m [0m [0m [48;5;255m [48;5;255m [0m
[48;5;255m [48;5;255m [0m [0m [0m [0m [0m [0m [0m [48;5;255m [48;5;255m [0m [0m [0m [0m [48;5;255m [48;5;255m [0m [0m [48;5;255m [48;5;255m [0m [0m [0m [48;5;255m [48;5;255m [0m [0m [0m [48;5;255m [48;5;255m [0m [0m [48;5;255m [48;5;255m [0m [0m [0m [0m [48;5;255m [48;5;255m [0m [0m [48;5;255m [48;5;255m [0m [0m [0m [0m [48;5;255m [48;5;255m [0m [0m [48;5;255m [48;5;255m [0m [0m [0m [0m [48;5;255m [48;5;255m [0m [0m [48;5;255m [48;5;255m [0m [0m [0m [0m [48;5;255m [48;5;255m [0m [0m [48;5;255m [48;5;255m [0m
[48;5;255m [48;5;255m [48;5;255m [48;5;255m [48;5;255m [48;5;255m [48;5;255m [0m [0m [48;5;255m [48;5;255m [48;5;255m [48;5;255m [48;5;255m [48;5;255m [48;5;255m [48;5;255m [0m [0m [48;5;255m [48;5;255m [0m [0m [0m [48;5;255m [48;5;255m [0m [0m [0m [48;5;255m [48;5;255m [0m [0m [48;5;255m [48;5;255m [48;5;255m [48;5;255m [48;5;255m [48;5;255m [48;5;255m [48;5;255m [0m [0m [48;5;255m [48;5;255m [48;5;255m [48;5;255m [48;5;255m [48;5;255m [48;5;255m [48;5;255m [0m [0m [48;5;255m [48;5;255m [48;5;255m [48;5;255m [48;5;255m [48;5;255m [48;5;255m [48;5;255m [0m [0m [48;5;255m [48;5;255m [48;5;255m [48;5;255m [48;5;255m [48;5;255m [48;5;255m [48;5;255m [0m [0m [48;5;255m [48;5;255m [48;5;255m [48;5;255m [48;5;255m [48;5;255m [48;5;255m [48;5;255m [0m
[0m [0m [0m [0m [0m [0m [0m [0m [0m [0m [0m [0m [0m [0m [0m [0m [0m [0m [0m [0m [0m [0m [0m [0m [0m [0m [0m [0m [0m [0m [0m [0m [0m [48;5;255m [48;5;255m [0m [0m [0m [0m [0m [0m [0m [0m [0m [0m [0m [0m
[0m [0m [0m [0m [0m [0m [0m [0m [0m [0m [0m [0m [0m [0m [0m [0m [0m [0m [0m [0m [0m [0m [0m [0m [0m [0m [0m [0m [0m [0m [0m [0m [0m [48;5;255m [48;5;255m [0m [0m [0m [0m [0m [0m [0m [0m [0m [0m [0m [0m
[0m [0m [0m [0m [0m [0m [0m [0m [0m [0m [0m [0m [0m [0m [0m [0m [0m [0m [0m [0m [0m [0m [0m [0m [0m [0m [0m [0m [0m [0m [0m [0m [0m [48;5;255m [48;5;255m [0m [0m [0m [0m [0m [0m [0m [0m [0m [0m [0m [0m

1.1.16

TypeScript version used by Compodoc : 4.5.5

TypeScript version of current project : 5.2.2

Node.js version : v20.9.0

Operating system : macOS Unknown

[15:23:45] No configuration file found, switching to CLI flags.
[15:23:45] Using tsconfig file : /Users/y-ichiuji/git/taskbox/.storybook/tsconfig.json
[15:23:45] Excluding      : /Users/y-ichiuji/git/taskbox/jest-global-mocks.ts
[15:23:45] Excluding      : /Users/y-ichiuji/git/taskbox/setup-jest.ts
[15:23:45] Excluding      : /Users/y-ichiuji/git/taskbox/.storybook/main.ts
[15:23:45] Including      : /Users/y-ichiuji/git/taskbox/.storybook/preview.ts
[15:23:45] Ignoring       : /Users/y-ichiuji/git/taskbox/.storybook/typings.d.ts
[15:23:45] Including      : /Users/y-ichiuji/git/taskbox/src/main.ts
[15:23:45] Including      : /Users/y-ichiuji/git/taskbox/src/polyfills.ts
[15:23:45] Ignoring       : /Users/y-ichiuji/git/taskbox/src/app/app.component.spec.ts
[15:23:45] Including      : /Users/y-ichiuji/git/taskbox/src/app/app.component.ts
[15:23:45] Including      : /Users/y-ichiuji/git/taskbox/src/environments/environment.prod.ts
[15:23:45] Including      : /Users/y-ichiuji/git/taskbox/src/environments/environment.ts
[15:23:45] Including      : /Users/y-ichiuji/git/taskbox/src/app/app.module.ts
[15:23:45] Including      : /Users/y-ichiuji/git/taskbox/src/stories/Button.stories.ts
[15:23:45] Including      : /Users/y-ichiuji/git/taskbox/src/stories/Header.stories.ts
[15:23:45] Including      : /Users/y-ichiuji/git/taskbox/src/stories/Page.stories.ts
[15:23:45] Including      : /Users/y-ichiuji/git/taskbox/src/stories/User.ts
[15:23:45] Including      : /Users/y-ichiuji/git/taskbox/src/stories/button.component.ts
[15:23:45] Including      : /Users/y-ichiuji/git/taskbox/src/stories/header.component.ts
[15:23:45] Including      : /Users/y-ichiuji/git/taskbox/src/stories/page.component.ts
[15:23:45] Including      : /Users/y-ichiuji/git/taskbox/src/app/components/inbox-screen.component.ts
[15:23:45] Including      : /Users/y-ichiuji/git/taskbox/src/app/components/pure-task-list.component.ts
[15:23:45] Including      : /Users/y-ichiuji/git/taskbox/src/app/components/task-list.component.ts
[15:23:45] Including      : /Users/y-ichiuji/git/taskbox/src/app/components/pure-task-list.stories.ts
[15:23:45] Including      : /Users/y-ichiuji/git/taskbox/src/app/components/task.module.ts
[15:23:45] Including      : /Users/y-ichiuji/git/taskbox/src/app/components/task.component.ts
[15:23:45] Including      : /Users/y-ichiuji/git/taskbox/src/app/components/task.stories.ts
[15:23:45] Including      : /Users/y-ichiuji/git/taskbox/src/app/models/task.model.ts
[15:23:45] Including      : /Users/y-ichiuji/git/taskbox/src/app/state/task.state.ts
[15:23:45] Including      : /Users/y-ichiuji/git/taskbox/src/app/components/pure-inbox-screen.component.ts
[15:23:45] Searching package.json file
[15:23:45] package.json file found
[15:23:45] Processing package.json dependencies
[15:23:45] Searching README.md, CHANGELOG.md, CONTRIBUTING.md, LICENSE.md, TODO.md files
[15:23:45] README.md file found
[15:23:45] Error during /Users/y-ichiuji/git/taskbox/CHANGELOG read
[15:23:45] Continuing without CHANGELOG.md file
[15:23:45] Error during /Users/y-ichiuji/git/taskbox/CONTRIBUTING read
[15:23:45] Continuing without CONTRIBUTING.md file
[15:23:45] LICENSE.md file found
[15:23:45] Error during /Users/y-ichiuji/git/taskbox/TODO read
[15:23:45] Continuing without TODO.md file
[15:23:45] Get dependencies data
[15:23:46] parsing        : /Users/y-ichiuji/git/taskbox/.storybook/preview.ts
[15:23:46] found          : preview
[15:23:46] parsing        : /Users/y-ichiuji/git/taskbox/src/main.ts
[15:23:46] parsing        : /Users/y-ichiuji/git/taskbox/src/polyfills.ts
[15:23:46] parsing        : /Users/y-ichiuji/git/taskbox/src/app/app.component.ts
[15:23:46] found          : AppComponent
[15:23:46] parsing        : /Users/y-ichiuji/git/taskbox/src/environments/environment.prod.ts
[15:23:46] found          : environment
[15:23:46] parsing        : /Users/y-ichiuji/git/taskbox/src/environments/environment.ts
[15:23:46] found          : environment
[15:23:46] parsing        : /Users/y-ichiuji/git/taskbox/src/app/app.module.ts
[15:23:46] found          : AppModule
[15:23:46]                : - imports:
[15:23:46]                : 	- BrowserModule
[15:23:46]                : 	- TaskModule
[15:23:46]                : 	- NgxsModule
[15:23:46]                : 	- NgxsReduxDevtoolsPluginModule
[15:23:46]                : 	- NgxsLoggerPluginModule
[15:23:46]                : - declarations:
[15:23:46]                : 	- AppComponent
[15:23:46]                : 	- InboxScreenComponent
[15:23:46]                : 	- PureInboxScreenComponent
[15:23:46]                : - bootstrap:
[15:23:46]                : 	- AppComponent
[15:23:46] parsing        : /Users/y-ichiuji/git/taskbox/src/stories/Button.stories.ts
[15:23:46] found          : meta
[15:23:46] found          : Story
[15:23:46] found          : Primary
[15:23:46] found          : Secondary
[15:23:46] found          : Large
[15:23:46] found          : Small
[15:23:46] parsing        : /Users/y-ichiuji/git/taskbox/src/stories/Header.stories.ts
[15:23:46] found          : meta
[15:23:46] found          : Story
[15:23:46] found          : LoggedIn
[15:23:46] found          : LoggedOut
[15:23:46] parsing        : /Users/y-ichiuji/git/taskbox/src/stories/Page.stories.ts
[15:23:46] found          : meta
[15:23:46] found          : Story
[15:23:46] found          : LoggedOut
[15:23:46] found          : LoggedIn
[15:23:46] parsing        : /Users/y-ichiuji/git/taskbox/src/stories/User.ts
[15:23:46] found          : User
[15:23:46] parsing        : /Users/y-ichiuji/git/taskbox/src/stories/button.component.ts
[15:23:46] found          : ButtonComponent
[15:23:46] parsing        : /Users/y-ichiuji/git/taskbox/src/stories/header.component.ts
[15:23:46] found          : HeaderComponent
[15:23:46] parsing        : /Users/y-ichiuji/git/taskbox/src/stories/page.component.ts
[15:23:46] found          : PageComponent
[15:23:46] parsing        : /Users/y-ichiuji/git/taskbox/src/app/components/inbox-screen.component.ts
[15:23:46] found          : InboxScreenComponent
[15:23:46] parsing        : /Users/y-ichiuji/git/taskbox/src/app/components/pure-task-list.component.ts
[15:23:46] found          : PureTaskListComponent
[15:23:46] parsing        : /Users/y-ichiuji/git/taskbox/src/app/components/task-list.component.ts
[15:23:46] found          : TaskListComponent
[15:23:46] parsing        : /Users/y-ichiuji/git/taskbox/src/app/components/pure-task-list.stories.ts
[15:23:46] found          : Template
[15:23:46] found          : Default
[15:23:46] found          : WithPinnedTasks
[15:23:46] found          : Loading
[15:23:46] found          : Empty
[15:23:46] parsing        : /Users/y-ichiuji/git/taskbox/src/app/components/task.module.ts
[15:23:46] found          : TaskModule
[15:23:46]                : - imports:
[15:23:46]                : 	- CommonModule
[15:23:46]                : 	- NgxsModule
[15:23:46]                : - exports:
[15:23:46]                : 	- TaskComponent
[15:23:46]                : 	- TaskListComponent
[15:23:46]                : - declarations:
[15:23:46]                : 	- TaskComponent
[15:23:46]                : 	- TaskListComponent
[15:23:46]                : 	- PureTaskListComponent
[15:23:46] parsing        : /Users/y-ichiuji/git/taskbox/src/app/components/task.component.ts
[15:23:46] found          : TaskComponent
[15:23:46] parsing        : /Users/y-ichiuji/git/taskbox/src/app/components/task.stories.ts
[15:23:46] found          : actionsData
[15:23:46] found          : Template
[15:23:46] found          : Default
[15:23:46] found          : Pinned
[15:23:46] found          : Archived
[15:23:46] parsing        : /Users/y-ichiuji/git/taskbox/src/app/models/task.model.ts
[15:23:46] found          : Task
[15:23:46] parsing        : /Users/y-ichiuji/git/taskbox/src/app/state/task.state.ts
[15:23:46] found          : actions
[15:23:46] found          : ArchiveTask
[15:23:46] found          : PinTask
[15:23:46] found          : AppError
[15:23:46] found          : defaultTasks
[15:23:46] found          : TaskStateModel
[15:23:46] found          : TasksState
[15:23:46] parsing        : /Users/y-ichiuji/git/taskbox/src/app/components/pure-inbox-screen.component.ts
[15:23:46] found          : PureInboxScreenComponent
[15:23:46] -------------------
[15:23:46] Project statistics 
[15:23:46] - files      : 25
[15:23:46] - module     : 2
[15:23:46] - component  : 9
[15:23:46] - class      : 5
[15:23:46] - interface  : 2
[15:23:46] -------------------
[15:23:46] Prepare components
[15:23:46]  ButtonComponent has styleUrls, include them
[15:23:46]  HeaderComponent has styleUrls, include them
[15:23:46]  PageComponent has styleUrls, include them
[15:23:46] Prepare modules
[15:23:46] Prepare classes
[15:23:46] Prepare interfaces
[15:23:46] Prepare miscellaneous
[15:23:46] Process documentation coverage report
[15:23:46] Generating documentation in export format json
[15:23:46] Documentation generated in ./ in 0.259 seconds
info => Cleaning outputDir: /var/folders/mp/66prmm7x4h73k6nwkn8nysgm0000gp/T/chromatic--30309-8XYwQNjiqwLo

info => Loading presets
info => Building manager..
info => Manager built (169 ms)
info => Building preview..
info => Copying static files: /Users/y-ichiuji/git/taskbox/node_modules/@storybook/manager/static at /var/folders/mp/66prmm7x4h73k6nwkn8nysgm0000gp/T/chromatic--30309-8XYwQNjiqwLo/sb-common-assets
info Using Babel compiler
info Addon-docs: using MDX2
info => Using implicit CSS loaders
info => Using angular browser target options from "taskbox:build"
info => Using angular project with "tsConfig:/Users/y-ichiuji/git/taskbox/.storybook/tsconfig.json"
info => Using default Webpack5 setup
